app/build/intermediates/manifest_merge_blame_file/debug/manifest-merger-blame-debug-report 2.txt
1<?xml version="1.0" encoding="utf-8"?>
2<manifest xmlns:android="http://schemas.android.com/apk/res/android"
3    package="com.example.photo_album"
4    android:versionCode="1"
5    android:versionName="1.0" >
6
7    <uses-sdk
8        android:minSdkVersion="29"
8-->src/main/AndroidManifest.xml
9        android:targetSdkVersion="30" />
9-->src/main/AndroidManifest.xml
10
11    <application
11-->src/main/AndroidManifest.xml:5:5-24:19
12        android:allowBackup="true"
12-->src/main/AndroidManifest.xml:6:9-35
13        android:appComponentFactory="androidx.core.app.CoreComponentFactory"
13-->[androidx.core:core:1.3.1] AndroidManifest.xml:24:18-86
14        android:debuggable="true"
15        android:extractNativeLibs="false"
16        android:icon="@mipmap/ic_launcher"
16-->src/main/AndroidManifest.xml:7:9-43
17        android:label="@string/app_name"
17-->src/main/AndroidManifest.xml:8:9-41
18        android:roundIcon="@mipmap/ic_launcher_round"
18-->src/main/AndroidManifest.xml:9:9-54
19        android:supportsRtl="true"
19-->src/main/AndroidManifest.xml:10:9-35
20        android:testOnly="true"
21        android:theme="@style/Theme.Photo_Album" >
21-->src/main/AndroidManifest.xml:11:9-49
22        <activity android:name="com.example.photo_album.MainActivity" >
22-->src/main/AndroidManifest.xml:12:9-18:20
22-->src/main/AndroidManifest.xml:12:19-47
23            <intent-filter>
23-->src/main/AndroidManifest.xml:13:13-17:29
24                <action android:name="android.intent.action.MAIN" />
24-->src/main/AndroidManifest.xml:14:17-69
24-->src/main/AndroidManifest.xml:14:25-66
25
26                <category android:name="android.intent.category.LAUNCHER" />
26-->src/main/AndroidManifest.xml:16:17-77
26-->src/main/AndroidManifest.xml:16:27-74
27            </intent-filter>
28        </activity>
29        <activity
29-->src/main/AndroidManifest.xml:19:9-20:54
30            android:name="com.example.photo_album.SearchActivity"
30-->src/main/AndroidManifest.xml:19:19-49
31            android:windowSoftInputMode="adjustPan" />
31-->src/main/AndroidManifest.xml:20:13-52
32        <activity android:name="com.example.photo_album.AlbumActivity" />
32-->src/main/AndroidManifest.xml:21:9-51
32-->src/main/AndroidManifest.xml:21:19-48
33        <activity android:name="com.example.photo_album.SingleImageActivity" />
33-->src/main/AndroidManifest.xml:22:9-57
33-->src/main/AndroidManifest.xml:22:19-54
34        <activity android:name="com.example.photo_album.SlideshowActivity" />
34-->src/main/AndroidManifest.xml:23:9-55
34-->src/main/AndroidManifest.xml:23:19-52
35    </application>
36
37</manifest>